  [1m[35m (450.0ms)[0m  [1m[35mCREATE DATABASE "login_gn_development" ENCODING = 'unicode'[0m
  [1m[35m (154.1ms)[0m  [1m[35mCREATE DATABASE "login_gn_test" ENCODING = 'unicode'[0m
  [1m[35m (50.4ms)[0m  [1m[35mCREATE TABLE "schema_migrations" ("version" character varying NOT NULL PRIMARY KEY)[0m
  [1m[35m (43.8ms)[0m  [1m[35mCREATE TABLE "ar_internal_metadata" ("key" character varying NOT NULL PRIMARY KEY, "value" character varying, "created_at" timestamp(6) NOT NULL, "updated_at" timestamp(6) NOT NULL)[0m
  [1m[35m (0.4ms)[0m  [1m[34mSELECT pg_try_advisory_lock(8412019056145992525)[0m
  [1m[36mActiveRecord::SchemaMigration Pluck (1.3ms)[0m  [1m[34mSELECT "schema_migrations"."version" FROM "schema_migrations" ORDER BY "schema_migrations"."version" ASC[0m
Migrating to CreateUsers (20220928193745)
  [1m[36mTRANSACTION (0.2ms)[0m  [1m[35mBEGIN[0m
  [1m[35m (32.0ms)[0m  [1m[35mCREATE TABLE "users" ("id" bigserial primary key, "name" character varying, "email" character varying, "password_digest" character varying, "created_at" timestamp(6) NOT NULL, "updated_at" timestamp(6) NOT NULL)[0m
  [1m[36mActiveRecord::SchemaMigration Create (0.7ms)[0m  [1m[32mINSERT INTO "schema_migrations" ("version") VALUES ($1) RETURNING "version"[0m  [["version", "20220928193745"]]
  [1m[36mTRANSACTION (40.6ms)[0m  [1m[35mCOMMIT[0m
  [1m[36mActiveRecord::InternalMetadata Load (0.5ms)[0m  [1m[34mSELECT "ar_internal_metadata".* FROM "ar_internal_metadata" WHERE "ar_internal_metadata"."key" = $1 LIMIT $2[0m  [["key", "environment"], ["LIMIT", 1]]
  [1m[36mTRANSACTION (0.2ms)[0m  [1m[35mBEGIN[0m
  [1m[36mActiveRecord::InternalMetadata Create (0.6ms)[0m  [1m[32mINSERT INTO "ar_internal_metadata" ("key", "value", "created_at", "updated_at") VALUES ($1, $2, $3, $4) RETURNING "key"[0m  [["key", "environment"], ["value", "development"], ["created_at", "2022-09-28 19:38:04.921542"], ["updated_at", "2022-09-28 19:38:04.921542"]]
  [1m[36mTRANSACTION (39.8ms)[0m  [1m[35mCOMMIT[0m
  [1m[35m (0.5ms)[0m  [1m[34mSELECT pg_advisory_unlock(8412019056145992525)[0m
  [1m[36mActiveRecord::SchemaMigration Pluck (0.9ms)[0m  [1m[34mSELECT "schema_migrations"."version" FROM "schema_migrations" ORDER BY "schema_migrations"."version" ASC[0m
Started GET "/" for ::1 at 2022-09-28 15:38:45 -0400
  [1m[36mActiveRecord::SchemaMigration Pluck (1.8ms)[0m  [1m[34mSELECT "schema_migrations"."version" FROM "schema_migrations" ORDER BY "schema_migrations"."version" ASC[0m
Processing by Rails::WelcomeController#index as HTML
  Rendering /Users/johnryan/.rvm/rubies/ruby-2.7.0/lib/ruby/gems/2.7.0/gems/railties-7.0.4/lib/rails/templates/rails/welcome/index.html.erb
  Rendered /Users/johnryan/.rvm/rubies/ruby-2.7.0/lib/ruby/gems/2.7.0/gems/railties-7.0.4/lib/rails/templates/rails/welcome/index.html.erb (Duration: 5.1ms | Allocations: 680)
Completed 200 OK in 57ms (Views: 20.0ms | ActiveRecord: 0.0ms | Allocations: 6684)


Started GET "/" for ::1 at 2022-09-28 15:44:04 -0400
Processing by Rails::WelcomeController#index as HTML
  Rendering /Users/johnryan/.rvm/rubies/ruby-2.7.0/lib/ruby/gems/2.7.0/gems/railties-7.0.4/lib/rails/templates/rails/welcome/index.html.erb
  Rendered /Users/johnryan/.rvm/rubies/ruby-2.7.0/lib/ruby/gems/2.7.0/gems/railties-7.0.4/lib/rails/templates/rails/welcome/index.html.erb (Duration: 1.9ms | Allocations: 354)
Completed 200 OK in 7ms (Views: 4.4ms | ActiveRecord: 0.0ms | Allocations: 1110)


Started GET "/" for ::1 at 2022-09-28 15:44:43 -0400
Processing by Rails::WelcomeController#index as HTML
  Rendering /Users/johnryan/.rvm/rubies/ruby-2.7.0/lib/ruby/gems/2.7.0/gems/railties-7.0.4/lib/rails/templates/rails/welcome/index.html.erb
  Rendered /Users/johnryan/.rvm/rubies/ruby-2.7.0/lib/ruby/gems/2.7.0/gems/railties-7.0.4/lib/rails/templates/rails/welcome/index.html.erb (Duration: 1.8ms | Allocations: 354)
Completed 200 OK in 7ms (Views: 3.8ms | ActiveRecord: 0.0ms | Allocations: 1109)


Started GET "/" for ::1 at 2022-09-28 15:44:48 -0400
Processing by Rails::WelcomeController#index as HTML
  Rendering /Users/johnryan/.rvm/rubies/ruby-2.7.0/lib/ruby/gems/2.7.0/gems/railties-7.0.4/lib/rails/templates/rails/welcome/index.html.erb
  Rendered /Users/johnryan/.rvm/rubies/ruby-2.7.0/lib/ruby/gems/2.7.0/gems/railties-7.0.4/lib/rails/templates/rails/welcome/index.html.erb (Duration: 0.4ms | Allocations: 16)
Completed 200 OK in 4ms (Views: 1.6ms | ActiveRecord: 0.0ms | Allocations: 217)


Started GET "/" for ::1 at 2022-09-28 15:44:49 -0400
Processing by Rails::WelcomeController#index as HTML
  Rendering /Users/johnryan/.rvm/rubies/ruby-2.7.0/lib/ruby/gems/2.7.0/gems/railties-7.0.4/lib/rails/templates/rails/welcome/index.html.erb
  Rendered /Users/johnryan/.rvm/rubies/ruby-2.7.0/lib/ruby/gems/2.7.0/gems/railties-7.0.4/lib/rails/templates/rails/welcome/index.html.erb (Duration: 0.2ms | Allocations: 15)
Completed 200 OK in 5ms (Views: 0.9ms | ActiveRecord: 0.0ms | Allocations: 211)


Started GET "/" for ::1 at 2022-09-28 15:44:49 -0400
Processing by Rails::WelcomeController#index as HTML
  Rendering /Users/johnryan/.rvm/rubies/ruby-2.7.0/lib/ruby/gems/2.7.0/gems/railties-7.0.4/lib/rails/templates/rails/welcome/index.html.erb
  Rendered /Users/johnryan/.rvm/rubies/ruby-2.7.0/lib/ruby/gems/2.7.0/gems/railties-7.0.4/lib/rails/templates/rails/welcome/index.html.erb (Duration: 0.3ms | Allocations: 15)
Completed 200 OK in 4ms (Views: 1.9ms | ActiveRecord: 0.0ms | Allocations: 211)


Started GET "/" for ::1 at 2022-09-28 15:44:49 -0400
Processing by Rails::WelcomeController#index as HTML
  Rendering /Users/johnryan/.rvm/rubies/ruby-2.7.0/lib/ruby/gems/2.7.0/gems/railties-7.0.4/lib/rails/templates/rails/welcome/index.html.erb
  Rendered /Users/johnryan/.rvm/rubies/ruby-2.7.0/lib/ruby/gems/2.7.0/gems/railties-7.0.4/lib/rails/templates/rails/welcome/index.html.erb (Duration: 0.1ms | Allocations: 15)
Completed 200 OK in 6ms (Views: 3.9ms | ActiveRecord: 0.0ms | Allocations: 211)


Started GET "/" for ::1 at 2022-09-28 15:44:49 -0400
Processing by Rails::WelcomeController#index as HTML
  Rendering /Users/johnryan/.rvm/rubies/ruby-2.7.0/lib/ruby/gems/2.7.0/gems/railties-7.0.4/lib/rails/templates/rails/welcome/index.html.erb
  Rendered /Users/johnryan/.rvm/rubies/ruby-2.7.0/lib/ruby/gems/2.7.0/gems/railties-7.0.4/lib/rails/templates/rails/welcome/index.html.erb (Duration: 0.1ms | Allocations: 15)
Completed 200 OK in 2ms (Views: 1.0ms | ActiveRecord: 0.0ms | Allocations: 211)


Started GET "/" for ::1 at 2022-09-28 15:44:51 -0400
Processing by Rails::WelcomeController#index as HTML
  Rendering /Users/johnryan/.rvm/rubies/ruby-2.7.0/lib/ruby/gems/2.7.0/gems/railties-7.0.4/lib/rails/templates/rails/welcome/index.html.erb
  Rendered /Users/johnryan/.rvm/rubies/ruby-2.7.0/lib/ruby/gems/2.7.0/gems/railties-7.0.4/lib/rails/templates/rails/welcome/index.html.erb (Duration: 0.1ms | Allocations: 15)
Completed 200 OK in 2ms (Views: 0.6ms | ActiveRecord: 0.0ms | Allocations: 211)


Started GET "/" for ::1 at 2022-09-28 15:45:15 -0400
Processing by UsersController#index as HTML
  Rendering layout layouts/application.html.erb
  Rendering users/index.html.erb within layouts/application
  Rendered users/index.html.erb within layouts/application (Duration: 0.8ms | Allocations: 102)
  Rendered layout layouts/application.html.erb (Duration: 32.7ms | Allocations: 10310)
Completed 500 Internal Server Error in 39ms (ActiveRecord: 0.0ms | Allocations: 11193)


  
ActionView::Template::Error (undefined method `pathname' for #<#<Class:0x00007fc8675e56a0>:0x00007fc866e72530>
Did you mean?  path_to_image):
    12:       <script src="http://html5shim.googlecode.com/svn/trunk/html5.js" type="text/javascript"></script>
    13:     <![endif]-->
    14: 
    15:     <%= stylesheet_link_tag "application", :media => "all" %>
    16: 
    17:     <!-- For third-generation iPad with high-resolution Retina display: -->
    18:     <!-- Size should be 144 x 144 pixels -->
  
app/views/layouts/application.html.erb:15
Started GET "/" for ::1 at 2022-09-28 15:45:48 -0400
  
ArgumentError ('Users' is not a supported controller name. This can lead to potential routing problems. See https://guides.rubyonrails.org/routing.html#specifying-a-controller-to-use):
  
config/routes.rb:6:in `block in <main>'
config/routes.rb:1:in `<main>'
Started GET "/" for ::1 at 2022-09-28 15:45:53 -0400
Processing by UsersController#index as HTML
  Rendering layout layouts/application.html.erb
  Rendering users/index.html.erb within layouts/application
  Rendered users/index.html.erb within layouts/application (Duration: 0.0ms | Allocations: 7)
  Rendered layout layouts/application.html.erb (Duration: 8.5ms | Allocations: 6143)
Completed 500 Internal Server Error in 10ms (ActiveRecord: 0.0ms | Allocations: 6748)


  
ActionView::Template::Error (undefined method `pathname' for #<#<Class:0x00007fc86c8da540>:0x00007fc86c8d70e8>
Did you mean?  path_to_image):
    12:       <script src="http://html5shim.googlecode.com/svn/trunk/html5.js" type="text/javascript"></script>
    13:     <![endif]-->
    14: 
    15:     <%= stylesheet_link_tag "application", :media => "all" %>
    16: 
    17:     <!-- For third-generation iPad with high-resolution Retina display: -->
    18:     <!-- Size should be 144 x 144 pixels -->
  
app/views/layouts/application.html.erb:15
Started GET "/" for ::1 at 2022-09-28 15:46:58 -0400
Processing by UsersController#index as HTML
  Rendering layout layouts/application.html.erb
  Rendering users/index.html.erb within layouts/application
  Rendered users/index.html.erb within layouts/application (Duration: 0.1ms | Allocations: 7)
  Rendered layout layouts/application.html.erb (Duration: 8.9ms | Allocations: 6114)
Completed 500 Internal Server Error in 12ms (ActiveRecord: 0.0ms | Allocations: 6721)


  
ActionView::Template::Error (undefined method `pathname' for #<#<Class:0x00007fc866ef9e40>:0x00007fc867625980>
Did you mean?  path_to_image):
    12:       <script src="http://html5shim.googlecode.com/svn/trunk/html5.js" type="text/javascript"></script>
    13:     <![endif]-->
    14: 
    15:     <%= stylesheet_link_tag "application", :media => "all" %>
    16: 
    17:     <!-- For third-generation iPad with high-resolution Retina display: -->
    18:     <!-- Size should be 144 x 144 pixels -->
  
app/views/layouts/application.html.erb:15
Started GET "/" for ::1 at 2022-09-28 15:47:01 -0400
Processing by UsersController#index as HTML
  Rendering layout layouts/application.html.erb
  Rendering users/index.html.erb within layouts/application
  Rendered users/index.html.erb within layouts/application (Duration: 0.0ms | Allocations: 7)
  Rendered layout layouts/application.html.erb (Duration: 7.6ms | Allocations: 6165)
Completed 500 Internal Server Error in 9ms (ActiveRecord: 0.0ms | Allocations: 6382)


  
ActionView::Template::Error (undefined method `pathname' for #<#<Class:0x00007fc86866bad8>:0x00007fc86d11bf60>
Did you mean?  path_to_image):
    12:       <script src="http://html5shim.googlecode.com/svn/trunk/html5.js" type="text/javascript"></script>
    13:     <![endif]-->
    14: 
    15:     <%= stylesheet_link_tag "application", :media => "all" %>
    16: 
    17:     <!-- For third-generation iPad with high-resolution Retina display: -->
    18:     <!-- Size should be 144 x 144 pixels -->
  
app/views/layouts/application.html.erb:15
Started GET "/" for ::1 at 2022-09-28 15:47:02 -0400
Processing by UsersController#index as HTML
  Rendering layout layouts/application.html.erb
  Rendering users/index.html.erb within layouts/application
  Rendered users/index.html.erb within layouts/application (Duration: 0.0ms | Allocations: 7)
  Rendered layout layouts/application.html.erb (Duration: 8.9ms | Allocations: 6161)
Completed 500 Internal Server Error in 10ms (ActiveRecord: 0.0ms | Allocations: 6378)


  
ActionView::Template::Error (undefined method `pathname' for #<#<Class:0x00007fc863eaae38>:0x00007fc868521df8>
Did you mean?  path_to_image):
    12:       <script src="http://html5shim.googlecode.com/svn/trunk/html5.js" type="text/javascript"></script>
    13:     <![endif]-->
    14: 
    15:     <%= stylesheet_link_tag "application", :media => "all" %>
    16: 
    17:     <!-- For third-generation iPad with high-resolution Retina display: -->
    18:     <!-- Size should be 144 x 144 pixels -->
  
app/views/layouts/application.html.erb:15
Started GET "/" for ::1 at 2022-09-28 15:47:07 -0400
  
SyntaxError (/Users/johnryan/Desktop/login-gn/app/controllers/users_controller.rb:5: syntax error, unexpected end-of-input, expecting `end'):
  
app/controllers/users_controller.rb:5: syntax error, unexpected end-of-input, expecting `end'
app/controllers/users_controller.rb:5: syntax error, unexpected end-of-input, expecting `end'
app/controllers/users_controller.rb:5: syntax error, unexpected end-of-input, expecting `end'
Started GET "/" for ::1 at 2022-09-28 15:47:22 -0400
Processing by UsersController#index as HTML
  Rendering layout layouts/application.html.erb
  Rendering users/index.html.erb within layouts/application
  Rendered users/index.html.erb within layouts/application (Duration: 0.1ms | Allocations: 7)
  Rendered layout layouts/application.html.erb (Duration: 13.6ms | Allocations: 6167)
Completed 500 Internal Server Error in 19ms (ActiveRecord: 0.0ms | Allocations: 6772)


  
ActionView::Template::Error (undefined method `pathname' for #<#<Class:0x00007fc86c8b7158>:0x00007fc867786b08>
Did you mean?  path_to_image):
    12:       <script src="http://html5shim.googlecode.com/svn/trunk/html5.js" type="text/javascript"></script>
    13:     <![endif]-->
    14: 
    15:     <%= stylesheet_link_tag "application", :media => "all" %>
    16: 
    17:     <!-- For third-generation iPad with high-resolution Retina display: -->
    18:     <!-- Size should be 144 x 144 pixels -->
  
app/views/layouts/application.html.erb:15
Started GET "/" for ::1 at 2022-09-28 16:38:08 -0400
Processing by Rails::WelcomeController#index as HTML
  Rendering /Users/johnryan/.rvm/rubies/ruby-2.7.0/lib/ruby/gems/2.7.0/gems/railties-7.0.4/lib/rails/templates/rails/welcome/index.html.erb
  Rendered /Users/johnryan/.rvm/rubies/ruby-2.7.0/lib/ruby/gems/2.7.0/gems/railties-7.0.4/lib/rails/templates/rails/welcome/index.html.erb (Duration: 0.1ms | Allocations: 15)
Completed 200 OK in 1ms (Views: 0.6ms | Allocations: 212)


Started GET "/" for ::1 at 2022-09-28 16:40:23 -0400
Processing by Rails::WelcomeController#index as HTML
  Rendering /Users/johnryan/.rvm/rubies/ruby-2.7.0/lib/ruby/gems/2.7.0/gems/railties-7.0.4/lib/rails/templates/rails/welcome/index.html.erb
  Rendered /Users/johnryan/.rvm/rubies/ruby-2.7.0/lib/ruby/gems/2.7.0/gems/railties-7.0.4/lib/rails/templates/rails/welcome/index.html.erb (Duration: 0.1ms | Allocations: 15)
Completed 200 OK in 1ms (Views: 0.6ms | Allocations: 211)


Started GET "/" for ::1 at 2022-09-28 16:40:57 -0400
Processing by UsersController#index as HTML
  Rendering layout layouts/application.html.erb
  Rendering users/index.html.erb within layouts/application
  Rendered users/index.html.erb within layouts/application (Duration: 0.0ms | Allocations: 7)
  Rendered layout layouts/application.html.erb (Duration: 10.0ms | Allocations: 6113)
Completed 500 Internal Server Error in 13ms (Allocations: 6718)


  
ActionView::Template::Error (undefined method `pathname' for #<#<Class:0x00007fc8675a3ac0>:0x00007fc8684e2ba8>
Did you mean?  path_to_image):
    12:       <script src="http://html5shim.googlecode.com/svn/trunk/html5.js" type="text/javascript"></script>
    13:     <![endif]-->
    14: 
    15:     <%= stylesheet_link_tag "application", :media => "all" %>
    16: 
    17:     <!-- For third-generation iPad with high-resolution Retina display: -->
    18:     <!-- Size should be 144 x 144 pixels -->
  
app/views/layouts/application.html.erb:15
Started GET "/" for ::1 at 2022-09-28 16:41:50 -0400
  
ArgumentError (Missing :controller key on routes definition, please check your routes.):
  
config/routes.rb:6:in `block in <main>'
config/routes.rb:1:in `<main>'
Started GET "/" for ::1 at 2022-09-28 16:41:53 -0400
  
ActionController::RoutingError (No route matches [GET] "/"):
  
Started GET "/" for ::1 at 2022-10-03 20:13:55 -0400
  [1m[36mActiveRecord::SchemaMigration Pluck (2.7ms)[0m  [1m[34mSELECT "schema_migrations"."version" FROM "schema_migrations" ORDER BY "schema_migrations"."version" ASC[0m
Processing by UsersController#index as HTML
  Rendering layout layouts/application.html.erb
  Rendering users/index.html.erb within layouts/application
  Rendered users/index.html.erb within layouts/application (Duration: 6.1ms | Allocations: 558)
  Rendered layout layouts/application.html.erb (Duration: 22.3ms | Allocations: 5965)
Completed 500 Internal Server Error in 42ms (ActiveRecord: 0.0ms | Allocations: 10827)


  
ActionView::Template::Error (undefined method `pathname' for #<#<Class:0x00007f8451d5d770>:0x00007f8455bfa7a8>
Did you mean?  path_to_image):
    12:       <script src="http://html5shim.googlecode.com/svn/trunk/html5.js" type="text/javascript"></script>
    13:     <![endif]-->
    14: 
    15:     <%= stylesheet_link_tag "application", :media => "all" %>
    16: 
    17:     <!-- For third-generation iPad with high-resolution Retina display: -->
    18:     <!-- Size should be 144 x 144 pixels -->
  
app/views/layouts/application.html.erb:15
Started GET "/" for ::1 at 2022-10-03 20:15:00 -0400
Processing by UsersController#index as HTML
  Rendering layout layouts/application.html.erb
  Rendering users/index.html.erb within layouts/application
  Rendered users/index.html.erb within layouts/application (Duration: 1.0ms | Allocations: 304)
  Rendered layout layouts/application.html.erb (Duration: 4.1ms | Allocations: 2799)
Completed 500 Internal Server Error in 7ms (ActiveRecord: 0.0ms | Allocations: 3686)


  
ActionView::Template::Error (The asset "images/apple-touch-icon-144x144-precomposed.png" is not present in the asset pipeline.
):
    16: 
    17:     <!-- For third-generation iPad with high-resolution Retina display: -->
    18:     <!-- Size should be 144 x 144 pixels -->
    19:     <%= favicon_link_tag 'images/apple-touch-icon-144x144-precomposed.png', :rel => 'apple-touch-icon-precomposed', :type => 'image/png', :sizes => '144x144' %>
    20: 
    21:     <!-- For iPhone with high-resolution Retina display: -->
    22:     <!-- Size should be 114 x 114 pixels -->
  
app/views/layouts/application.html.erb:19
Started GET "/" for ::1 at 2022-10-03 20:15:23 -0400
Processing by UsersController#index as HTML
  Rendering layout layouts/application.html.erb
  Rendering users/index.html.erb within layouts/application
  Rendered users/index.html.erb within layouts/application (Duration: 0.9ms | Allocations: 304)
  Rendered layout layouts/application.html.erb (Duration: 3.7ms | Allocations: 2773)
Completed 500 Internal Server Error in 7ms (ActiveRecord: 0.0ms | Allocations: 3660)


  
ActionView::Template::Error (The asset "images/apple-touch-icon-114x114-precomposed.png" is not present in the asset pipeline.
):
    20: 
    21:     <!-- For iPhone with high-resolution Retina display: -->
    22:     <!-- Size should be 114 x 114 pixels -->
    23:     <%= favicon_link_tag 'images/apple-touch-icon-114x114-precomposed.png', :rel => 'apple-touch-icon-precomposed', :type => 'image/png', :sizes => '114x114' %>
    24: 
    25:     <!-- For first- and second-generation iPad: -->
    26:     <!-- Size should be 72 x 72 pixels -->
  
app/views/layouts/application.html.erb:23
Started GET "/" for ::1 at 2022-10-03 20:15:34 -0400
Processing by UsersController#index as HTML
  Rendering layout layouts/application.html.erb
  Rendering users/index.html.erb within layouts/application
  Rendered users/index.html.erb within layouts/application (Duration: 1.0ms | Allocations: 304)
  Rendered layout layouts/application.html.erb (Duration: 9.9ms | Allocations: 4551)
Completed 500 Internal Server Error in 13ms (ActiveRecord: 0.0ms | Allocations: 5438)


  
ActionView::Template::Error (couldn't find file 'jquery' with type 'application/javascript'
Checked in these paths: 
  /Users/johnryan/Desktop/login-gn/app/assets/config
  /Users/johnryan/Desktop/login-gn/app/assets/images
  /Users/johnryan/Desktop/login-gn/app/assets/javascripts
  /Users/johnryan/Desktop/login-gn/app/assets/stylesheets
  /Users/johnryan/.rvm/gems/ruby-2.7.0/gems/metro-ui-rails-0.15.8.15/vendor/assets/fonts
  /Users/johnryan/.rvm/gems/ruby-2.7.0/gems/metro-ui-rails-0.15.8.15/vendor/assets/javascripts
  /Users/johnryan/.rvm/gems/ruby-2.7.0/gems/stimulus-rails-1.1.0/app/assets/javascripts
  /Users/johnryan/.rvm/gems/ruby-2.7.0/gems/turbo-rails-1.3.0/app/assets/javascripts
  /Users/johnryan/.rvm/gems/ruby-2.7.0/gems/importmap-rails-1.1.5/app/assets/javascripts
  /Users/johnryan/.rvm/rubies/ruby-2.7.0/lib/ruby/gems/2.7.0/gems/actiontext-7.0.4/app/assets/javascripts
  /Users/johnryan/.rvm/rubies/ruby-2.7.0/lib/ruby/gems/2.7.0/gems/actiontext-7.0.4/app/assets/stylesheets
  /Users/johnryan/.rvm/rubies/ruby-2.7.0/lib/ruby/gems/2.7.0/gems/actioncable-7.0.4/app/assets/javascripts
  /Users/johnryan/.rvm/rubies/ruby-2.7.0/lib/ruby/gems/2.7.0/gems/activestorage-7.0.4/app/assets/javascripts
  /Users/johnryan/.rvm/rubies/ruby-2.7.0/lib/ruby/gems/2.7.0/gems/actionview-7.0.4/lib/assets/compiled
  /Users/johnryan/Desktop/login-gn/app/javascript
  /Users/johnryan/Desktop/login-gn/vendor/javascript
  /Users/johnryan/.rvm/gems/ruby-2.7.0/gems/metro-ui-rails-0.15.8.15/vendor/fonts):
    74:     <!-- Javascripts
    75:     ================================================== -->
    76:     <!-- Placed at the end of the document so the pages load faster -->
    77:     <%= javascript_include_tag "application" %>
    78: 
    79:   </body>
    80: </html>
  
app/assets/javascripts/application.js:7
app/views/layouts/application.html.erb:77
Started GET "/" for ::1 at 2022-10-03 20:16:17 -0400
Processing by UsersController#index as HTML
  Rendering layout layouts/application.html.erb
  Rendering users/index.html.erb within layouts/application
  Rendered users/index.html.erb within layouts/application (Duration: 1.2ms | Allocations: 304)
  Rendered layout layouts/application.html.erb (Duration: 11.5ms | Allocations: 6931)
Completed 500 Internal Server Error in 14ms (ActiveRecord: 0.0ms | Allocations: 7813)


  
ActionView::Template::Error (undefined method `pathname' for #<#<Class:0x00007f8451fe8a80>:0x00007f844db97048>
Did you mean?  path_to_image):
    12:       <script src="http://html5shim.googlecode.com/svn/trunk/html5.js" type="text/javascript"></script>
    13:     <![endif]-->
    14: 
    15:     <%= stylesheet_link_tag "application", :media => "all" %>
    16: 
    17:     <!-- For third-generation iPad with high-resolution Retina display: -->
    18:     <!-- Size should be 144 x 144 pixels -->
  
app/views/layouts/application.html.erb:15
Started GET "/" for ::1 at 2022-10-03 20:16:51 -0400
Processing by UsersController#index as HTML
  Rendering layout layouts/application.html.erb
  Rendering users/index.html.erb within layouts/application
  Rendered users/index.html.erb within layouts/application (Duration: 1.2ms | Allocations: 304)
Started GET "/" for ::1 at 2022-10-03 20:17:16 -0400
  [1m[36mActiveRecord::SchemaMigration Pluck (0.7ms)[0m  [1m[34mSELECT "schema_migrations"."version" FROM "schema_migrations" ORDER BY "schema_migrations"."version" ASC[0m
Processing by UsersController#index as HTML
  Rendering layout layouts/application.html.erb
  Rendering users/index.html.erb within layouts/application
  Rendered users/index.html.erb within layouts/application (Duration: 5.3ms | Allocations: 558)
  Rendered layout layouts/application.html.erb (Duration: 17.4ms | Allocations: 5965)
Completed 500 Internal Server Error in 43ms (ActiveRecord: 0.0ms | Allocations: 10827)


  
ActionView::Template::Error (undefined method `pathname' for #<#<Class:0x00007fcaed572b90>:0x00007fcaed543548>
Did you mean?  path_to_image):
    12:       <script src="http://html5shim.googlecode.com/svn/trunk/html5.js" type="text/javascript"></script>
    13:     <![endif]-->
    14: 
    15:     <%= stylesheet_link_tag "application", :media => "all" %>
    16: 
    17:     <!-- For third-generation iPad with high-resolution Retina display: -->
    18:     <!-- Size should be 144 x 144 pixels -->
  
app/views/layouts/application.html.erb:15
